  ofApp.cpp
c:\users\hpclab\source\repos\cuborubik\cuborubik\cuborubik.h(2): warning C4067: símbolos (token) inesperados después de la directiva del preprocesador; se esperaba una nueva línea
c:\users\hpclab\source\repos\cuborubik\cuborubik\cubo.h(2): warning C4067: símbolos (token) inesperados después de la directiva del preprocesador; se esperaba una nueva línea
c:\users\hpclab\source\repos\cuborubik\cuborubik\cubo.h(3): warning C4067: símbolos (token) inesperados después de la directiva del preprocesador; se esperaba una nueva línea
c:\users\hpclab\source\repos\cuborubik\cuborubik\src\ofapp.cpp(46): warning C4805: '==': combinación no segura del tipo 'BOOLEAN' y el tipo 'bool' en la operación
c:\users\hpclab\source\repos\cuborubik\cuborubik\src\ofapp.cpp(52): warning C4805: '==': combinación no segura del tipo 'BOOLEAN' y el tipo 'bool' en la operación
c:\users\hpclab\source\repos\cuborubik\cuborubik\src\ofapp.cpp(58): warning C4805: '==': combinación no segura del tipo 'BOOLEAN' y el tipo 'bool' en la operación
c:\users\hpclab\source\repos\cuborubik\cuborubik\src\ofapp.cpp(64): warning C4805: '==': combinación no segura del tipo 'BOOLEAN' y el tipo 'bool' en la operación
c:\users\hpclab\source\repos\cuborubik\cuborubik\src\ofapp.cpp(70): warning C4805: '==': combinación no segura del tipo 'BOOLEAN' y el tipo 'bool' en la operación
c:\users\hpclab\source\repos\cuborubik\cuborubik\src\ofapp.cpp(76): warning C4805: '==': combinación no segura del tipo 'BOOLEAN' y el tipo 'bool' en la operación
c:\users\hpclab\source\repos\cuborubik\cuborubik\src\ofapp.cpp(82): warning C4805: '==': combinación no segura del tipo 'BOOLEAN' y el tipo 'bool' en la operación
c:\users\hpclab\source\repos\cuborubik\cuborubik\src\ofapp.cpp(88): warning C4805: '==': combinación no segura del tipo 'BOOLEAN' y el tipo 'bool' en la operación
c:\users\hpclab\source\repos\cuborubik\cuborubik\src\ofapp.cpp(94): warning C4805: '==': combinación no segura del tipo 'BOOLEAN' y el tipo 'bool' en la operación
c:\users\hpclab\source\repos\cuborubik\cuborubik\src\ofapp.cpp(100): warning C4805: '==': combinación no segura del tipo 'BOOLEAN' y el tipo 'bool' en la operación
c:\users\hpclab\source\repos\cuborubik\cuborubik\src\ofapp.cpp(106): warning C4805: '==': combinación no segura del tipo 'BOOLEAN' y el tipo 'bool' en la operación
c:\users\hpclab\source\repos\cuborubik\cuborubik\src\ofapp.cpp(112): warning C4805: '==': combinación no segura del tipo 'BOOLEAN' y el tipo 'bool' en la operación
c:\users\hpclab\source\repos\cuborubik\cuborubik\src\ofapp.cpp(118): warning C4805: '==': combinación no segura del tipo 'BOOLEAN' y el tipo 'bool' en la operación
c:\users\hpclab\source\repos\cuborubik\cuborubik\src\ofapp.cpp(124): warning C4805: '==': combinación no segura del tipo 'BOOLEAN' y el tipo 'bool' en la operación
c:\users\hpclab\source\repos\cuborubik\cuborubik\src\ofapp.cpp(130): warning C4805: '==': combinación no segura del tipo 'BOOLEAN' y el tipo 'bool' en la operación
c:\users\hpclab\source\repos\cuborubik\cuborubik\src\ofapp.cpp(136): warning C4805: '==': combinación no segura del tipo 'BOOLEAN' y el tipo 'bool' en la operación
c:\users\hpclab\source\repos\cuborubik\cuborubik\src\ofapp.cpp(143): warning C4805: '==': combinación no segura del tipo 'BOOLEAN' y el tipo 'bool' en la operación
c:\users\hpclab\source\repos\cuborubik\cuborubik\src\ofapp.cpp(149): warning C4805: '==': combinación no segura del tipo 'BOOLEAN' y el tipo 'bool' en la operación
c:\users\hpclab\source\repos\cuborubik\cuborubik\src\ofapp.cpp(188): warning C4805: '==': combinación no segura del tipo 'BOOLEAN' y el tipo 'bool' en la operación
c:\users\hpclab\source\repos\cuborubik\cuborubik\src\ofapp.cpp(198): warning C4805: '==': combinación no segura del tipo 'BOOLEAN' y el tipo 'bool' en la operación
c:\users\hpclab\source\repos\cuborubik\cuborubik\src\ofapp.cpp(209): warning C4805: '==': combinación no segura del tipo 'BOOLEAN' y el tipo 'bool' en la operación
c:\users\hpclab\source\repos\cuborubik\cuborubik\src\ofapp.cpp(219): warning C4805: '==': combinación no segura del tipo 'BOOLEAN' y el tipo 'bool' en la operación
c:\users\hpclab\source\repos\cuborubik\cuborubik\src\ofapp.cpp(228): warning C4805: '==': combinación no segura del tipo 'BOOLEAN' y el tipo 'bool' en la operación
c:\users\hpclab\source\repos\cuborubik\cuborubik\src\ofapp.cpp(237): warning C4805: '==': combinación no segura del tipo 'BOOLEAN' y el tipo 'bool' en la operación
c:\users\hpclab\source\repos\cuborubik\cuborubik\src\ofapp.cpp(246): warning C4805: '==': combinación no segura del tipo 'BOOLEAN' y el tipo 'bool' en la operación
c:\users\hpclab\source\repos\cuborubik\cuborubik\src\ofapp.cpp(255): warning C4805: '==': combinación no segura del tipo 'BOOLEAN' y el tipo 'bool' en la operación
c:\users\hpclab\source\repos\cuborubik\cuborubik\src\ofapp.cpp(264): warning C4805: '==': combinación no segura del tipo 'BOOLEAN' y el tipo 'bool' en la operación
c:\users\hpclab\source\repos\cuborubik\cuborubik\src\ofapp.cpp(273): warning C4805: '==': combinación no segura del tipo 'BOOLEAN' y el tipo 'bool' en la operación
c:\users\hpclab\source\repos\cuborubik\cuborubik\src\ofapp.cpp(282): warning C4805: '==': combinación no segura del tipo 'BOOLEAN' y el tipo 'bool' en la operación
c:\users\hpclab\source\repos\cuborubik\cuborubik\src\ofapp.cpp(291): warning C4805: '==': combinación no segura del tipo 'BOOLEAN' y el tipo 'bool' en la operación
c:\users\hpclab\source\repos\cuborubik\cuborubik\src\ofapp.cpp(300): warning C4805: '==': combinación no segura del tipo 'BOOLEAN' y el tipo 'bool' en la operación
c:\users\hpclab\source\repos\cuborubik\cuborubik\src\ofapp.cpp(309): warning C4805: '==': combinación no segura del tipo 'BOOLEAN' y el tipo 'bool' en la operación
c:\users\hpclab\source\repos\cuborubik\cuborubik\src\ofapp.cpp(318): warning C4805: '==': combinación no segura del tipo 'BOOLEAN' y el tipo 'bool' en la operación
c:\users\hpclab\source\repos\cuborubik\cuborubik\src\ofapp.cpp(327): warning C4805: '==': combinación no segura del tipo 'BOOLEAN' y el tipo 'bool' en la operación
c:\users\hpclab\source\repos\cuborubik\cuborubik\src\ofapp.cpp(336): warning C4805: '==': combinación no segura del tipo 'BOOLEAN' y el tipo 'bool' en la operación
c:\users\hpclab\source\repos\cuborubik\cuborubik\src\ofapp.cpp(345): warning C4805: '==': combinación no segura del tipo 'BOOLEAN' y el tipo 'bool' en la operación
  CuboRubik.vcxproj -> C:\Users\HPCLAB\source\repos\CuboRubik\CuboRubik\bin\CuboRubik_debug.exe
  
  	                   2	C:\Users\HPCLAB\Desktop\of_v0.10.0_vs2017_release\libs\fmodex\lib\vs\Win32\
  	  *Archivo EXTRA		 5647872	C:\Users\HPCLAB\source\repos\CuboRubik\CuboRubik\bin\FreeImage.dll
  
  	                   1	C:\Users\HPCLAB\Desktop\of_v0.10.0_vs2017_release\libs\FreeImage\lib\vs\Win32\
  	  *Archivo EXTRA		 1266176	C:\Users\HPCLAB\source\repos\CuboRubik\CuboRubik\bin\fmodex.dll
  	  *Archivo EXTRA		 1312768	C:\Users\HPCLAB\source\repos\CuboRubik\CuboRubik\bin\fmodexL.dll
